%!Adobe-FontList 1.20
%Locale:0x409

%BeginFont
Handler:DirectoryHandler
FontType:Invalid
OutlineFileName:/Volumes/BD03_DATA/PROJECT - DAMAR/Running/DCI/[DCI] Cover AR Folder/Document fonts/AdobeFnt21.lst
FileLength:11654
FileModTime:638355345
%EndFont

%BeginFont
Handler:DirectoryHandler
FontType:TrueType
FontName:Avenir-Book
FamilyName:Avenir
StyleName:Book
MenuName:Avenir Book
StyleBits:0
WeightClass:400
WidthClass:5
AngleClass:0
FullName:Avenir Book
WritingScript:Roman
OutlineFileName:/Volumes/BD03_DATA/PROJECT - DAMAR/Running/DCI/[DCI] Cover AR Folder/Document fonts/Avenir.ttc
TTCOffset:72
DataFormat:sfntData
hasSVG:no
VariableFontType:NonVariableFont
FileLength:1639536
FileModTime:556235900
NameArray:0,Mac,18,Avenir Book
NameArray:0,Mac,4,Avenir Book
NameArray:0,Win,1,Avenir Book
NameArray:0,Win,16,Avenir
%EndFont

%BeginFont
Handler:DirectoryHandler
FontType:TrueType
FontName:Avenir-BookOblique
FamilyName:Avenir
StyleName:Book Oblique
MenuName:Avenir Book
StyleBits:1
WeightClass:400
WidthClass:5
AngleClass:1
FullName:Avenir Book Oblique
WritingScript:Roman
OutlineFileName:/Volumes/BD03_DATA/PROJECT - DAMAR/Running/DCI/[DCI] Cover AR Folder/Document fonts/Avenir.ttc
TTCOffset:388
DataFormat:sfntData
hasSVG:no
VariableFontType:NonVariableFont
FileLength:1639536
FileModTime:556235900
NameArray:0,Mac,18,Avenir Book Oblique
NameArray:0,Mac,4,Avenir Book Oblique
NameArray:0,Win,1,Avenir Book
NameArray:0,Win,16,Avenir
%EndFont

%BeginFont
Handler:DirectoryHandler
FontType:TrueType
FontName:Avenir-Black
FamilyName:Avenir
StyleName:Black
MenuName:Avenir Black
StyleBits:2
WeightClass:800
WidthClass:5
AngleClass:0
FullName:Avenir Black
WritingScript:Roman
OutlineFileName:/Volumes/BD03_DATA/PROJECT - DAMAR/Running/DCI/[DCI] Cover AR Folder/Document fonts/Avenir.ttc
TTCOffset:704
DataFormat:sfntData
hasSVG:no
VariableFontType:NonVariableFont
FileLength:1639536
FileModTime:556235900
NameArray:0,Mac,18,Avenir Black
NameArray:0,Mac,4,Avenir Black
NameArray:0,Win,1,Avenir Black
NameArray:0,Win,16,Avenir
%EndFont

%BeginFont
Handler:DirectoryHandler
FontType:TrueType
FontName:Avenir-BlackOblique
FamilyName:Avenir
StyleName:Black Oblique
MenuName:Avenir Black Oblique
StyleBits:3
WeightClass:800
WidthClass:5
AngleClass:1
FullName:Avenir Black Oblique
WritingScript:Roman
OutlineFileName:/Volumes/BD03_DATA/PROJECT - DAMAR/Running/DCI/[DCI] Cover AR Folder/Document fonts/Avenir.ttc
TTCOffset:1004
DataFormat:sfntData
hasSVG:no
VariableFontType:NonVariableFont
FileLength:1639536
FileModTime:556235900
NameArray:0,Mac,18,Avenir Black Oblique
NameArray:0,Mac,4,Avenir Black Oblique
NameArray:0,Win,1,Avenir Black Oblique
NameArray:0,Win,16,Avenir
%EndFont

%BeginFont
Handler:DirectoryHandler
FontType:TrueType
FontName:Avenir-Heavy
FamilyName:Avenir
StyleName:Heavy
MenuName:Avenir Heavy
StyleBits:2
WeightClass:900
WidthClass:5
AngleClass:0
FullName:Avenir Heavy
WritingScript:Roman
OutlineFileName:/Volumes/BD03_DATA/PROJECT - DAMAR/Running/DCI/[DCI] Cover AR Folder/Document fonts/Avenir.ttc
TTCOffset:1304
DataFormat:sfntData
hasSVG:no
VariableFontType:NonVariableFont
FileLength:1639536
FileModTime:556235900
NameArray:0,Mac,18,Avenir Heavy
NameArray:0,Mac,4,Avenir Heavy
NameArray:0,Win,1,Avenir Heavy
NameArray:0,Win,16,Avenir
%EndFont

%BeginFont
Handler:DirectoryHandler
FontType:TrueType
FontName:Avenir-HeavyOblique
FamilyName:Avenir
StyleName:Heavy Oblique
MenuName:Avenir Heavy
StyleBits:3
WeightClass:900
WidthClass:5
AngleClass:1
FullName:Avenir Heavy Oblique
WritingScript:Roman
OutlineFileName:/Volumes/BD03_DATA/PROJECT - DAMAR/Running/DCI/[DCI] Cover AR Folder/Document fonts/Avenir.ttc
TTCOffset:1588
DataFormat:sfntData
hasSVG:no
VariableFontType:NonVariableFont
FileLength:1639536
FileModTime:556235900
NameArray:0,Mac,18,Avenir Heavy Oblique
NameArray:0,Mac,4,Avenir Heavy Oblique
NameArray:0,Win,1,Avenir Heavy
NameArray:0,Win,16,Avenir
%EndFont

%BeginFont
Handler:DirectoryHandler
FontType:TrueType
FontName:Avenir-Light
FamilyName:Avenir
StyleName:Light
MenuName:Avenir Light
StyleBits:0
WeightClass:300
WidthClass:5
AngleClass:0
FullName:Avenir Light
WritingScript:Roman
OutlineFileName:/Volumes/BD03_DATA/PROJECT - DAMAR/Running/DCI/[DCI] Cover AR Folder/Document fonts/Avenir.ttc
TTCOffset:1904
DataFormat:sfntData
hasSVG:no
VariableFontType:NonVariableFont
FileLength:1639536
FileModTime:556235900
NameArray:0,Mac,18,Avenir Light
NameArray:0,Mac,4,Avenir Light
NameArray:0,Win,1,Avenir Light
NameArray:0,Win,16,Avenir
%EndFont

%BeginFont
Handler:DirectoryHandler
FontType:TrueType
FontName:Avenir-LightOblique
FamilyName:Avenir
StyleName:Light Oblique
MenuName:Avenir Light
StyleBits:1
WeightClass:300
WidthClass:5
AngleClass:1
FullName:Avenir Light Oblique
WritingScript:Roman
OutlineFileName:/Volumes/BD03_DATA/PROJECT - DAMAR/Running/DCI/[DCI] Cover AR Folder/Document fonts/Avenir.ttc
TTCOffset:2220
DataFormat:sfntData
hasSVG:no
VariableFontType:NonVariableFont
FileLength:1639536
FileModTime:556235900
NameArray:0,Mac,18,Avenir Light Oblique
NameArray:0,Mac,4,Avenir Light Oblique
NameArray:0,Win,1,Avenir Light
NameArray:0,Win,16,Avenir
%EndFont

%BeginFont
Handler:DirectoryHandler
FontType:TrueType
FontName:Avenir-Medium
FamilyName:Avenir
StyleName:Medium
MenuName:Avenir Medium
StyleBits:0
WeightClass:500
WidthClass:5
AngleClass:0
FullName:Avenir Medium
WritingScript:Roman
OutlineFileName:/Volumes/BD03_DATA/PROJECT - DAMAR/Running/DCI/[DCI] Cover AR Folder/Document fonts/Avenir.ttc
TTCOffset:2536
DataFormat:sfntData
hasSVG:no
VariableFontType:NonVariableFont
FileLength:1639536
FileModTime:556235900
NameArray:0,Mac,18,Avenir Medium
NameArray:0,Mac,4,Avenir Medium
NameArray:0,Win,1,Avenir Medium
NameArray:0,Win,16,Avenir
%EndFont

%BeginFont
Handler:DirectoryHandler
FontType:TrueType
FontName:Avenir-MediumOblique
FamilyName:Avenir
StyleName:Medium Oblique
MenuName:Avenir Medium
StyleBits:1
WeightClass:500
WidthClass:5
AngleClass:1
FullName:Avenir Medium Oblique
WritingScript:Roman
OutlineFileName:/Volumes/BD03_DATA/PROJECT - DAMAR/Running/DCI/[DCI] Cover AR Folder/Document fonts/Avenir.ttc
TTCOffset:2836
DataFormat:sfntData
hasSVG:no
VariableFontType:NonVariableFont
FileLength:1639536
FileModTime:556235900
NameArray:0,Mac,18,Avenir Medium Oblique
NameArray:0,Mac,4,Avenir Medium Oblique
NameArray:0,Win,1,Avenir Medium
NameArray:0,Win,16,Avenir
%EndFont

%BeginFont
Handler:DirectoryHandler
FontType:TrueType
FontName:Avenir-Oblique
FamilyName:Avenir
StyleName:Oblique
MenuName:Avenir
StyleBits:1
WeightClass:400
WidthClass:5
AngleClass:1
FullName:Avenir Oblique
WritingScript:Roman
OutlineFileName:/Volumes/BD03_DATA/PROJECT - DAMAR/Running/DCI/[DCI] Cover AR Folder/Document fonts/Avenir.ttc
TTCOffset:3152
DataFormat:sfntData
hasSVG:no
VariableFontType:NonVariableFont
FileLength:1639536
FileModTime:556235900
NameArray:0,Mac,18,Avenir Oblique
NameArray:0,Mac,4,Avenir Oblique
NameArray:0,Win,1,Avenir
NameArray:0,Win,16,Avenir
%EndFont

%BeginFont
Handler:DirectoryHandler
FontType:TrueType
FontName:Avenir-Roman
FamilyName:Avenir
StyleName:Roman
MenuName:Avenir
StyleBits:0
WeightClass:400
WidthClass:5
AngleClass:0
FullName:Avenir Roman
WritingScript:Roman
OutlineFileName:/Volumes/BD03_DATA/PROJECT - DAMAR/Running/DCI/[DCI] Cover AR Folder/Document fonts/Avenir.ttc
TTCOffset:3468
DataFormat:sfntData
hasSVG:no
VariableFontType:NonVariableFont
FileLength:1639536
FileModTime:556235900
NameArray:0,Mac,18,Avenir Roman
NameArray:0,Mac,4,Avenir Roman
NameArray:0,Win,1,Avenir
NameArray:0,Win,16,Avenir
%EndFont

%BeginFont
Handler:DirectoryHandler
FontType:Type1
FontName:CaslonItalicwithSwashesStd
FamilyName:Caslon Italic with Swashes Std
StyleName:Regular
MenuName:Caslon Italic with Swashes Std
StyleBits:0
WeightClass:400
WidthClass:5
AngleClass:0
FullName:Caslon Italic with Swashes Std
WritingScript:Roman
OutlineFileName:/Volumes/BD03_DATA/PROJECT - DAMAR/Running/DCI/[DCI] Cover AR Folder/Document fonts/CaslonItalicSwashesStd.otf
DataFormat:sfntData
UsesStandardEncoding:yes
isCFF:yes
hasSVG:no
VariableFontType:NonVariableFont
FileLength:42516
FileModTime:637824545
NameArray:0,Mac,4,Caslon Italic with Swashes Std
NameArray:0,Win,1,Caslon Italic with Swashes Std
%EndFont

%BeginFont
Handler:DirectoryHandler
FontType:TrueType
FontName:DINAlternate-Bold
FamilyName:DIN Alternate
StyleName:Bold
MenuName:DIN Alternate
StyleBits:2
WeightClass:700
WidthClass:5
AngleClass:0
FullName:DIN Alternate Bold
WritingScript:Roman
OutlineFileName:/Volumes/BD03_DATA/PROJECT - DAMAR/Running/DCI/[DCI] Cover AR Folder/Document fonts/DIN Alternate Bold.ttf
DataFormat:sfntData
hasSVG:no
VariableFontType:NonVariableFont
FileLength:76716
FileModTime:556235900
NameArray:0,Mac,18,DIN Alternate Bold
NameArray:0,Mac,4,DIN Alternate Bold
NameArray:0,Win,1,DIN Alternate
%EndFont

%BeginFont
Handler:DirectoryHandler
FontType:Type1
FontName:DINPro-Regular
FamilyName:DINPro
StyleName:Regular
MenuName:DINPro-Regular
StyleBits:0
WeightClass:400
WidthClass:5
AngleClass:0
FullName:DINPro-Regular
WritingScript:Roman
OutlineFileName:/Volumes/BD03_DATA/PROJECT - DAMAR/Running/DCI/[DCI] Cover AR Folder/Document fonts/DINPro-Regular_0.otf
DataFormat:sfntData
UsesStandardEncoding:yes
isCFF:yes
hasSVG:no
VariableFontType:NonVariableFont
FileLength:87364
FileModTime:596374427
NameArray:0,Mac,4,DINPro-Regular
NameArray:0,Win,1,DINPro-Regular
NameArray:0,Win,16,DINPro
%EndFont

%BeginFont
Handler:DirectoryHandler
FontType:TrueType
FontName:Rubik-Bold
FamilyName:Rubik
StyleName:Bold
MenuName:Rubik
StyleBits:2
WeightClass:700
WidthClass:5
AngleClass:0
FullName:Rubik Bold
WritingScript:Roman
OutlineFileName:/Volumes/BD03_DATA/PROJECT - DAMAR/Running/DCI/[DCI] Cover AR Folder/Document fonts/Rubik-Bold.ttf
DataFormat:sfntData
hasSVG:no
VariableFontType:NonVariableFont
FileLength:131940
FileModTime:459190800
NameArray:0,Win,1,Rubik
%EndFont

%BeginFont
Handler:DirectoryHandler
FontType:TrueType
FontName:Rubik-Light
FamilyName:Rubik
StyleName:Light
MenuName:Rubik Light
StyleBits:0
WeightClass:300
WidthClass:5
AngleClass:0
FullName:Rubik Light
WritingScript:Roman
OutlineFileName:/Volumes/BD03_DATA/PROJECT - DAMAR/Running/DCI/[DCI] Cover AR Folder/Document fonts/Rubik-Light.ttf
DataFormat:sfntData
hasSVG:no
VariableFontType:NonVariableFont
FileLength:127272
FileModTime:459190800
NameArray:0,Win,1,Rubik Light
NameArray:0,Win,16,Rubik
%EndFont

%BeginFont
Handler:DirectoryHandler
FontType:TrueType
FontName:Rubik-LightItalic
FamilyName:Rubik
StyleName:Light Italic
MenuName:Rubik Light
StyleBits:1
WeightClass:300
WidthClass:5
AngleClass:1
FullName:Rubik Light Italic
WritingScript:Roman
OutlineFileName:/Volumes/BD03_DATA/PROJECT - DAMAR/Running/DCI/[DCI] Cover AR Folder/Document fonts/Rubik-LightItalic.ttf
DataFormat:sfntData
hasSVG:no
VariableFontType:NonVariableFont
FileLength:116724
FileModTime:459190800
NameArray:0,Win,1,Rubik Light
NameArray:0,Win,16,Rubik
%EndFont

%BeginFont
Handler:DirectoryHandler
FontType:TrueType
FontName:Rubik-Regular
FamilyName:Rubik
StyleName:Regular
MenuName:Rubik
StyleBits:0
WeightClass:400
WidthClass:5
AngleClass:0
FullName:Rubik Regular
WritingScript:Roman
OutlineFileName:/Volumes/BD03_DATA/PROJECT - DAMAR/Running/DCI/[DCI] Cover AR Folder/Document fonts/Rubik-Regular.ttf
DataFormat:sfntData
hasSVG:no
VariableFontType:NonVariableFont
FileLength:131972
FileModTime:459190800
NameArray:0,Win,1,Rubik
%EndFont

%BeginFont
Handler:DirectoryHandler
FontType:TrueType
FontName:Rubik-SemiBold
FamilyName:Rubik
StyleName:SemiBold
MenuName:Rubik SemiBold
StyleBits:0
WeightClass:600
WidthClass:5
AngleClass:0
FullName:Rubik SemiBold
WritingScript:Roman
OutlineFileName:/Volumes/BD03_DATA/PROJECT - DAMAR/Running/DCI/[DCI] Cover AR Folder/Document fonts/Rubik-SemiBold.ttf
DataFormat:sfntData
hasSVG:no
VariableFontType:NonVariableFont
FileLength:131848
FileModTime:459190800
NameArray:0,Win,1,Rubik SemiBold
NameArray:0,Win,16,Rubik
%EndFont

